[Wed Oct  1 21:22:43 2025] Server started
[Wed Oct  1 21:24:05 2025] Server started
[Wed Oct  1 21:24:05 2025] party
[Wed Oct  1 21:24:34 2025] C,Iver,22,123 EEE
[Wed Oct  1 21:25:54 2025] Tyle,Gee,18,33 River EE
[Wed Oct  1 21:27:23 2025] Tha,Nguyen,44,This address
[Wed Oct  1 21:29:19 2025] Server started
[Wed Oct  1 21:31:21 2025] Server started
[Wed Oct  1 21:31:27 2025] party
[Wed Oct  1 21:31:33 2025] Philippines
[Wed Oct  1 21:31:51 2025] Cy,Iver,22,123 REEE
[Wed Oct  1 21:32:11 2025] END_PARTY
[Wed Oct  1 21:32:11 2025] Party completed - Destination: Philippines, Clients: 1
[Wed Oct  1 21:36:14 2025] Server started
[Wed Oct  1 21:36:22 2025] party
[Wed Oct  1 21:36:29 2025] Philippines
[Wed Oct  1 21:36:40 2025] C,Iver,22,333 REEE
[Wed Oct  1 21:36:42 2025] END_PARTY
[Wed Oct  1 21:36:42 2025] Party completed - Destination: Philippines, Clients: 1
[Wed Oct  1 21:37:52 2025] stop
[Wed Oct  1 21:37:52 2025] Server received stop command
[Wed Oct  1 21:37:52 2025] Server stopped
[Wed Oct  1 21:49:41 2025] Server started
[Wed Oct  1 21:49:45 2025] party
[Wed Oct  1 21:49:56 2025] Korea
[Wed Oct  1 21:50:12 2025] Chea,Park,21,14 e213
[Wed Oct  1 21:50:27 2025] Cy,Iver,22,14 e2123as
[Wed Oct  1 21:50:29 2025] END_PARTY
[Wed Oct  1 21:50:29 2025] Party completed - Destination: Korea, Clients: 2
[Wed Oct  1 21:50:38 2025] party
[Wed Oct  1 21:50:45 2025] Philippines
[Wed Oct  1 21:50:56 2025] Ro,Re,18,32 Ree
[Wed Oct  1 21:51:19 2025] Oey,Mumu,51,51 hialr
[Wed Oct  1 21:51:21 2025] END_PARTY
[Wed Oct  1 21:51:21 2025] Party completed - Destination: Philippines, Clients: 2
[Wed Oct  1 21:52:24 2025] party
[Wed Oct  1 21:52:27 2025] Korea
[Wed Oct  1 21:52:49 2025] Koko,Ke,21,3141 Reas
[Wed Oct  1 21:52:51 2025] END_PARTY
[Wed Oct  1 21:52:51 2025] Party completed - Destination: Korea, Clients: 1
[Wed Oct  1 22:00:11 2025] Server started
[Fri Oct  3 11:03:23 2025] Server started
[Fri Oct  3 11:03:46 2025] party
[Fri Oct  3 11:03:54 2025] party
[Fri Oct  3 11:04:28 2025] Saha,Hee,31,132 asfasf
[Fri Oct  3 11:04:39 2025] END_PARTY
[Fri Oct  3 11:04:39 2025] Party completed - Destination: Saha,Hee,31,132 asfasf, Clients: 0
[Fri Oct  3 11:34:04 2025] Server started
[Fri Oct  3 11:34:12 2025] party
[Fri Oct  3 11:34:20 2025] Vietname
[Fri Oct  3 11:35:04 2025] Bebe,Baba,31,123 For
[Fri Oct  3 11:35:16 2025] Eee,Rara,21,123 Free
[Fri Oct  3 11:35:19 2025] END_PARTY
[Fri Oct  3 11:35:19 2025] Party completed - Destination: Vietname, Clients: 2
[Fri Oct  3 11:36:04 2025] party
[Fri Oct  3 11:38:04 2025] Server terminated due to inactivity timeout (2 minutes)
[Fri Oct  3 11:54:27 2025] Server started
[Fri Oct  3 11:54:27 2025] party
[Fri Oct  3 11:54:42 2025] Kakes,Ad,21,141 Horm
[Fri Oct  3 11:55:00 2025] Rare,Lero,22,31 Forth
[Fri Oct  3 11:55:25 2025] END_PARTY
[Fri Oct  3 11:55:25 2025] Party completed - Destination: Kakes,Ad,21,141 Horm, Clients: 1
[Fri Oct  3 11:55:43 2025] party
[Fri Oct  3 11:55:47 2025] Korea
[Fri Oct  3 11:56:00 2025] Huang,Oh,32,41 This St.
[Fri Oct  3 11:56:19 2025] Igor,Bestteach,22,123 Conestoga
[Fri Oct  3 11:56:31 2025] END_PARTY
[Fri Oct  3 11:56:31 2025] Party completed - Destination: Korea, Clients: 2
[Fri Oct  3 11:56:38 2025] stop
[Fri Oct  3 11:56:38 2025] Server received stop command
[Fri Oct  3 11:56:38 2025] Server stopped
